{"t":"2026-01-12T05:26:45.615Z","m":"GET","u":"/"}
{"t":"2026-01-12T05:26:45.978Z","m":"GET","u":"/js/sessionAuth.js"}
{"t":"2026-01-12T05:27:43.129Z","m":"GET","u":"/"}
{"t":"2026-01-12T05:27:43.150Z","m":"GET","u":"/apple-touch-icon-precomposed.png"}
{"t":"2026-01-12T05:27:43.194Z","m":"GET","u":"/apple-touch-icon.png"}
{"t":"2026-01-12T05:27:43.231Z","m":"GET","u":"/favicon.ico"}
{"t":"2026-01-12T05:27:43.235Z","m":"GET","u":"/apple-touch-icon-precomposed.png"}
{"t":"2026-01-12T05:27:43.245Z","m":"GET","u":"/apple-touch-icon.png"}
{"t":"2026-01-12T05:27:43.249Z","m":"GET","u":"/favicon.ico"}
{"t":"2026-01-12T05:27:43.255Z","m":"GET","u":"/"}
{"t":"2026-01-12T05:27:43.261Z","m":"GET","u":"/apple-touch-icon-precomposed.png"}
{"t":"2026-01-12T05:27:43.264Z","m":"GET","u":"/apple-touch-icon.png"}
{"t":"2026-01-12T05:27:43.267Z","m":"GET","u":"/favicon.ico"}
{"t":"2026-01-12T05:27:43.269Z","m":"GET","u":"/apple-touch-icon-precomposed.png"}
{"t":"2026-01-12T05:27:43.276Z","m":"GET","u":"/apple-touch-icon.png"}
{"t":"2026-01-12T05:27:43.279Z","m":"GET","u":"/favicon.ico"}
{"t":"2026-01-12T05:28:24.150Z","m":"GET","u":"/api/auth/me"}
{"t":"2026-01-12T05:28:24.152Z","m":"GET","u":"/api/auth/me"}
{"t":"2026-01-12T05:28:24.154Z","m":"GET","u":"/api/auth/me"}
{"t":"2026-01-12T05:28:24.154Z","m":"GET","u":"/api/artists/featured"}
{"t":"2026-01-12T05:28:24.155Z","m":"GET","u":"/api/auth/session-role"}
{"t":"2026-01-12T05:28:24.497Z","m":"GET","u":"/favicon.ico"}
{"t":"2026-01-12T05:33:37.715Z","m":"GET","u":"/"}
{"t":"2026-01-12T05:33:37.745Z","m":"GET","u":"/js/sessionAuth.js"}
{"t":"2026-01-12T05:33:37.851Z","m":"GET","u":"/api/auth/me"}
{"t":"2026-01-12T05:33:37.855Z","m":"GET","u":"/api/artists/featured"}
{"t":"2026-01-12T05:33:37.860Z","m":"GET","u":"/api/auth/me"}
{"t":"2026-01-12T05:33:37.863Z","m":"GET","u":"/api/auth/session-role"}
{"t":"2026-01-12T05:33:37.865Z","m":"GET","u":"/api/auth/me"}
{"t":"2026-01-12T05:33:55.737Z","m":"GET","u":"/login.html"}
{"t":"2026-01-12T05:33:55.770Z","m":"GET","u":"/js/sessionAuth.js"}
{"t":"2026-01-12T05:33:55.863Z","m":"GET","u":"/api/auth/session-role"}
{"t":"2026-01-12T05:34:03.103Z","m":"GET","u":"/api/auth/google"}
{"t":"2026-01-12T05:34:09.352Z","m":"GET","u":"/api/auth/google/callback?state=artist&code=4%2F0ASc3gC3gdVtbXoOzidekLa6dKPWc0qUcPdAbF6EudOb03PvkWQjfOahQr7OLpKxHGzG3nA&scope=email+profile+https%3A%2F%2Fwww.googleapis.com%2Fauth%2Fuserinfo.profile+https%3A%2F%2Fwww.googleapis.com%2Fauth%2Fuserinfo.email+openid&authuser=0&prompt=consent"}
{"t":"2026-01-12T05:34:09.833Z","m":"GET","u":"/profile.html"}
{"t":"2026-01-12T05:34:09.959Z","m":"GET","u":"/api/profile?token=eyJhbGciOiJIUzI1NiIsInR5cCI6IkpXVCJ9.eyJ1c2VySWQiOiI2OGI3ZGJmY2UyN2VjNGYwOGZiODBjZmUiLCJzZXNzaW9uUm9sZSI6ImFydGlzdCIsImlhdCI6MTc2ODE5NjA0OSwiZXhwIjoxNzY4ODAwODQ5fQ.jLgXOwMaCiv7_cQHmkSA-X3lK5UNXPtbRusu_1p55gc"}
{"t":"2026-01-12T05:34:16.801Z","m":"GET","u":"/api/auth/google/callback?error=access_denied&state=artist"}
{"t":"2026-01-12T05:34:16.843Z","m":"GET","u":"/login.html"}
{"t":"2026-01-12T05:34:16.921Z","m":"GET","u":"/js/sessionAuth.js"}
{"t":"2026-01-12T05:34:16.986Z","m":"GET","u":"/api/auth/session-role"}
{"t":"2026-01-12T05:34:16.995Z","m":"GET","u":"/favicon.ico"}
{"t":"2026-01-12T05:34:24.418Z","m":"GET","u":"/frontend.html"}
{"t":"2026-01-12T05:34:24.472Z","m":"GET","u":"/js/sessionAuth.js"}
{"t":"2026-01-12T05:34:24.514Z","m":"GET","u":"/api/auth/me"}
{"t":"2026-01-12T05:34:24.519Z","m":"GET","u":"/api/artists/featured"}
{"t":"2026-01-12T05:34:24.521Z","m":"GET","u":"/api/auth/session-role"}
{"t":"2026-01-12T05:34:24.553Z","m":"GET","u":"/api/auth/me"}
{"t":"2026-01-12T05:34:24.555Z","m":"GET","u":"/api/profile"}
{"t":"2026-01-12T05:34:24.581Z","m":"GET","u":"/api/auth/me"}
{"t":"2026-01-12T05:34:24.617Z","m":"GET","u":"/api/profile"}
{"t":"2026-01-12T05:34:31.396Z","m":"POST","u":"/api/auth/logout"}
{"t":"2026-01-12T05:34:31.398Z","m":"GET","u":"/api/auth/me"}
{"t":"2026-01-12T05:34:31.449Z","m":"GET","u":"/api/auth/google/organizer"}
{"t":"2026-01-12T05:34:46.669Z","m":"GET","u":"/discover.html"}
{"t":"2026-01-12T05:34:46.719Z","m":"GET","u":"/js/discover.js"}
{"t":"2026-01-12T05:34:46.903Z","m":"GET","u":"/api/profiles"}
{"t":"2026-01-12T05:35:08.720Z","m":"GET","u":"/profile.html"}
{"t":"2026-01-12T05:35:11.393Z","m":"GET","u":"/login.html"}
{"t":"2026-01-12T05:35:11.447Z","m":"GET","u":"/js/sessionAuth.js"}
{"t":"2026-01-12T05:35:11.497Z","m":"GET","u":"/api/auth/session-role"}
{"t":"2026-01-12T05:35:12.460Z","m":"GET","u":"/frontend.html"}
{"t":"2026-01-12T05:35:12.516Z","m":"GET","u":"/js/sessionAuth.js"}
{"t":"2026-01-12T05:35:12.563Z","m":"GET","u":"/api/artists/featured"}
{"t":"2026-01-12T05:35:12.565Z","m":"GET","u":"/api/auth/session-role"}
{"t":"2026-01-12T05:35:12.566Z","m":"GET","u":"/api/auth/me"}
{"t":"2026-01-12T05:35:12.566Z","m":"GET","u":"/api/auth/me"}
{"t":"2026-01-12T05:35:12.567Z","m":"GET","u":"/api/auth/me"}
{"t":"2026-01-12T05:35:14.830Z","m":"GET","u":"/api/auth/me"}
{"t":"2026-01-12T05:35:14.828Z","m":"POST","u":"/api/auth/logout"}
{"t":"2026-01-12T05:35:14.862Z","m":"GET","u":"/api/auth/google/organizer?redirect=%2Forganizerdashboard.html"}
{"t":"2026-01-12T05:35:14.875Z","m":"GET","u":"/api/auth/google/organizer"}
{"t":"2026-01-12T05:35:18.495Z","m":"GET","u":"/api/auth/google/callback?state=organizer&code=4%2F0ASc3gC3B0pItaLSQOf1N5Ncu_iIcgxYBF6nJ6RSuCqr77Ybz_b_ItJZgL0wv134z2l-IjQ&scope=email+profile+https%3A%2F%2Fwww.googleapis.com%2Fauth%2Fuserinfo.email+https%3A%2F%2Fwww.googleapis.com%2Fauth%2Fuserinfo.profile+openid&authuser=0&prompt=none"}
{"t":"2026-01-12T05:35:19.011Z","m":"GET","u":"/organizerDashboard.html"}
{"t":"2026-01-12T05:35:19.045Z","m":"GET","u":"/organizerDashboard.js"}
{"t":"2026-01-12T05:35:19.082Z","m":"GET","u":"/api/auth/session-role"}
{"t":"2026-01-12T05:35:19.086Z","m":"GET","u":"/favicon.ico"}
{"t":"2026-01-12T05:35:19.139Z","m":"GET","u":"/api/organizer/bookings"}
